<?xml version="1.0" encoding="UTF-8"?>
<!-- Generated by org.testng.reporters.JUnitXMLReporter -->
<testsuite hostname="YongtaeSonui-iMac.local" ignored="3" name="Default test" tests="3" failures="0" timestamp="12 Jan 2019 12:04:10 GMT" time="0.107" errors="0">
  <testcase name="tx1" time="0.016" classname="testNG_ex.testNG_example"/>
  <testcase name="tx2" time="0.005" classname="testNG_ex.testNG_example"/>
  <testcase name="testNGCucumberRunner" time="0.006" classname="com.ericsson.sgsn_mme.djcat.fw.CucumberSystemTestCase"/>
  <testcase name="@BeforeTest testCaseSetup" time="0.0" classname="com.ericsson.sgsn_mme.djcat.fw.TestCaseFixture">
    <ignored/>
  </testcase> <!-- @BeforeTest testCaseSetup -->
  <testcase name="@BeforeSuite testSuiteSetup" time="0.0" classname="com.ericsson.sgsn_mme.djcat.fw.SuiteFixture">
    <ignored/>
  </testcase> <!-- @BeforeSuite testSuiteSetup -->
  <testcase name="@BeforeSuite testSuiteSetup" time="0.0" classname="com.ericsson.sgsn_mme.djcat.fw.SuiteFixture">
    <ignored/>
  </testcase> <!-- @BeforeSuite testSuiteSetup -->
</testsuite> <!-- Default test -->
