<?xml version="1.0" encoding="UTF-8"?>
<testng-results skipped="0" failed="0" ignored="3" total="6" passed="3">
  <reporter-output>
  </reporter-output>
  <suite name="Default suite" duration-ms="107" started-at="2019-01-12T12:04:10Z" finished-at="2019-01-12T12:04:10Z">
    <groups>
    </groups>
    <test name="Default test" duration-ms="107" started-at="2019-01-12T12:04:10Z" finished-at="2019-01-12T12:04:10Z">
      <class name="testNG_ex.testNG_example">
        <test-method status="PASS" signature="tx1()[pri:0, instance:testNG_ex.testNG_example@5419f379]" name="tx1" duration-ms="16" started-at="2019-01-12T12:04:10Z" finished-at="2019-01-12T12:04:10Z">
          <reporter-output>
          </reporter-output>
        </test-method> <!-- tx1 -->
        <test-method status="PASS" signature="tx2()[pri:0, instance:testNG_ex.testNG_example@5419f379]" name="tx2" duration-ms="5" started-at="2019-01-12T12:04:10Z" finished-at="2019-01-12T12:04:10Z">
          <reporter-output>
          </reporter-output>
        </test-method> <!-- tx2 -->
      </class> <!-- testNG_ex.testNG_example -->
      <class name="com.ericsson.sgsn_mme.djcat.fw.CucumberSystemTestCase">
        <test-method status="PASS" signature="testSuiteSetup()[pri:0, instance:com.ericsson.sgsn_mme.djcat.fw.CucumberSystemTestCase@7dc7cbad]" name="testSuiteSetup" is-config="true" duration-ms="39" started-at="2019-01-12T12:04:10Z" finished-at="2019-01-12T12:04:10Z">
          <reporter-output>
          </reporter-output>
        </test-method> <!-- testSuiteSetup -->
        <test-method status="PASS" signature="preinstall()[pri:0, instance:testNG_ex.testNG_example@5419f379]" name="preinstall" is-config="true" duration-ms="1" started-at="2019-01-12T12:04:10Z" finished-at="2019-01-12T12:04:10Z">
          <reporter-output>
          </reporter-output>
        </test-method> <!-- preinstall -->
        <test-method status="PASS" signature="testCaseSetup()[pri:0, instance:com.ericsson.sgsn_mme.djcat.fw.CucumberSystemTestCase@7dc7cbad]" name="testCaseSetup" is-config="true" duration-ms="8" started-at="2019-01-12T12:04:10Z" finished-at="2019-01-12T12:04:10Z">
          <reporter-output>
          </reporter-output>
        </test-method> <!-- testCaseSetup -->
        <test-method status="PASS" signature="testNGCucumberRunner()[pri:0, instance:com.ericsson.sgsn_mme.djcat.fw.CucumberSystemTestCase@7dc7cbad]" name="testNGCucumberRunner" duration-ms="6" started-at="2019-01-12T12:04:10Z" finished-at="2019-01-12T12:04:10Z">
          <reporter-output>
          </reporter-output>
        </test-method> <!-- testNGCucumberRunner -->
      </class> <!-- com.ericsson.sgsn_mme.djcat.fw.CucumberSystemTestCase -->
    </test> <!-- Default test -->
  </suite> <!-- Default suite -->
</testng-results>
